<?xml version="1.0" encoding="UTF-8"?>
<testng-results ignored="0" total="2" passed="1" failed="1" skipped="0">
  <reporter-output>
  </reporter-output>
  <suite started-at="2018-07-10T09:23:48Z" name="Carwale" finished-at="2018-07-10T09:23:53Z" duration-ms="5180">
    <groups>
    </groups>
    <test started-at="2018-07-10T09:23:48Z" name="Regression suite 1" finished-at="2018-07-10T09:23:53Z" duration-ms="5180">
      <class name="tests.TestHomePage">
        <test-method is-config="true" signature="setUpClass()[pri:0, instance:tests.TestHomePage@815b41f]" started-at="2018-07-10T09:23:16Z" name="setUpClass" finished-at="2018-07-10T09:23:48Z" duration-ms="31572" status="PASS">
          <reporter-output>
          </reporter-output>
        </test-method> <!-- setUpClass -->
        <test-method is-config="true" signature="setup_method()[pri:0, instance:tests.TestHomePage@815b41f]" started-at="2018-07-10T09:23:48Z" name="setup_method" finished-at="2018-07-10T09:23:48Z" duration-ms="1" status="PASS">
          <reporter-output>
          </reporter-output>
        </test-method> <!-- setup_method -->
        <test-method signature="searchCarOnPage()[pri:0, instance:tests.TestHomePage@815b41f]" started-at="2018-07-10T09:23:48Z" name="searchCarOnPage" finished-at="2018-07-10T09:23:52Z" duration-ms="4629" status="FAIL">
          <exception class="java.lang.AssertionError">
            <message>
              <![CDATA[expected [2] but found [1]]]>
            </message>
            <full-stacktrace>
              <![CDATA[java.lang.AssertionError: expected [2] but found [1]
at org.testng.Assert.fail(Assert.java:96)
at org.testng.Assert.failNotEquals(Assert.java:776)
at org.testng.Assert.assertEqualsImpl(Assert.java:137)
at org.testng.Assert.assertEquals(Assert.java:118)
at org.testng.Assert.assertEquals(Assert.java:652)
at org.testng.Assert.assertEquals(Assert.java:662)
at tests.TestHomePage.searchCarOnPage(TestHomePage.java:47)
at java.base/jdk.internal.reflect.NativeMethodAccessorImpl.invoke0(Native Method)
at java.base/jdk.internal.reflect.NativeMethodAccessorImpl.invoke(NativeMethodAccessorImpl.java:62)
at java.base/jdk.internal.reflect.DelegatingMethodAccessorImpl.invoke(DelegatingMethodAccessorImpl.java:43)
at java.base/java.lang.reflect.Method.invoke(Method.java:564)
at org.testng.internal.MethodInvocationHelper.invokeMethod(MethodInvocationHelper.java:124)
at org.testng.internal.Invoker.invokeMethod(Invoker.java:580)
at org.testng.internal.Invoker.invokeTestMethod(Invoker.java:716)
at org.testng.internal.Invoker.invokeTestMethods(Invoker.java:988)
at org.testng.internal.TestMethodWorker.invokeTestMethods(TestMethodWorker.java:125)
at org.testng.internal.TestMethodWorker.run(TestMethodWorker.java:109)
at org.testng.TestRunner.privateRun(TestRunner.java:648)
at org.testng.TestRunner.run(TestRunner.java:505)
at org.testng.SuiteRunner.runTest(SuiteRunner.java:455)
at org.testng.SuiteRunner.runSequentially(SuiteRunner.java:450)
at org.testng.SuiteRunner.privateRun(SuiteRunner.java:415)
at org.testng.SuiteRunner.run(SuiteRunner.java:364)
at org.testng.SuiteRunnerWorker.runSuite(SuiteRunnerWorker.java:52)
at org.testng.SuiteRunnerWorker.run(SuiteRunnerWorker.java:84)
at org.testng.TestNG.runSuitesSequentially(TestNG.java:1208)
at org.testng.TestNG.runSuitesLocally(TestNG.java:1137)
at org.testng.TestNG.runSuites(TestNG.java:1049)
at org.testng.TestNG.run(TestNG.java:1017)
at org.apache.maven.surefire.testng.TestNGExecutor.run(TestNGExecutor.java:283)
at org.apache.maven.surefire.testng.TestNGXmlTestSuite.execute(TestNGXmlTestSuite.java:75)
at org.apache.maven.surefire.testng.TestNGProvider.invoke(TestNGProvider.java:120)
at org.apache.maven.surefire.booter.ForkedBooter.invokeProviderInSameClassLoader(ForkedBooter.java:379)
at org.apache.maven.surefire.booter.ForkedBooter.runSuitesInProcess(ForkedBooter.java:340)
at org.apache.maven.surefire.booter.ForkedBooter.execute(ForkedBooter.java:125)
at org.apache.maven.surefire.booter.ForkedBooter.main(ForkedBooter.java:413)
]]>
            </full-stacktrace>
          </exception> <!-- java.lang.AssertionError -->
          <reporter-output>
          </reporter-output>
        </test-method> <!-- searchCarOnPage -->
        <test-method is-config="true" signature="tearDown_method()[pri:0, instance:tests.TestHomePage@815b41f]" started-at="2018-07-10T09:23:53Z" name="tearDown_method" finished-at="2018-07-10T09:23:53Z" duration-ms="1" status="PASS">
          <reporter-output>
          </reporter-output>
        </test-method> <!-- tearDown_method -->
        <test-method is-config="true" signature="setup_method()[pri:0, instance:tests.TestHomePage@815b41f]" started-at="2018-07-10T09:23:53Z" name="setup_method" finished-at="2018-07-10T09:23:53Z" duration-ms="1" status="PASS">
          <reporter-output>
          </reporter-output>
        </test-method> <!-- setup_method -->
        <test-method signature="sumFun()[pri:0, instance:tests.TestHomePage@815b41f]" started-at="2018-07-10T09:23:53Z" name="sumFun" finished-at="2018-07-10T09:23:53Z" duration-ms="1" status="PASS">
          <reporter-output>
          </reporter-output>
        </test-method> <!-- sumFun -->
        <test-method is-config="true" signature="tearDown_method()[pri:0, instance:tests.TestHomePage@815b41f]" started-at="2018-07-10T09:23:53Z" name="tearDown_method" finished-at="2018-07-10T09:23:53Z" duration-ms="0" status="PASS">
          <reporter-output>
          </reporter-output>
        </test-method> <!-- tearDown_method -->
        <test-method is-config="true" signature="tearDownClass()[pri:0, instance:tests.TestHomePage@815b41f]" started-at="2018-07-10T09:23:54Z" name="tearDownClass" finished-at="2018-07-10T09:23:56Z" duration-ms="2062" status="PASS">
          <reporter-output>
          </reporter-output>
        </test-method> <!-- tearDownClass -->
      </class> <!-- tests.TestHomePage -->
    </test> <!-- Regression suite 1 -->
  </suite> <!-- Carwale -->
</testng-results>
