<?xml version="1.0" encoding="UTF-8"?>
<testsuite xmlns:xsi="http://www.w3.org/2001/XMLSchema-instance" xsi:noNamespaceSchemaLocation="https://maven.apache.org/surefire/maven-surefire-plugin/xsd/surefire-test-report.xsd" name="TestSuite" time="41.014" tests="2" errors="0" skipped="0" failures="1">
  <properties>
    <property name="sun.desktop" value="windows"/>
    <property name="awt.toolkit" value="sun.awt.windows.WToolkit"/>
    <property name="java.specification.version" value="9"/>
    <property name="file.encoding.pkg" value="sun.io"/>
    <property name="sun.cpu.isalist" value="amd64"/>
    <property name="sun.jnu.encoding" value="Cp1252"/>
    <property name="java.class.path" value="C:\Rahul\Projects\Sample maven\CarwaleChecks\target\test-classes;C:\Rahul\Projects\Sample maven\CarwaleChecks\target\classes;C:\Users\rahul.kote\.m2\repository\org\seleniumhq\selenium\selenium-java\2.53.0\selenium-java-2.53.0.jar;C:\Users\rahul.kote\.m2\repository\org\seleniumhq\selenium\selenium-chrome-driver\2.53.0\selenium-chrome-driver-2.53.0.jar;C:\Users\rahul.kote\.m2\repository\org\seleniumhq\selenium\selenium-remote-driver\2.53.0\selenium-remote-driver-2.53.0.jar;C:\Users\rahul.kote\.m2\repository\cglib\cglib-nodep\2.1_3\cglib-nodep-2.1_3.jar;C:\Users\rahul.kote\.m2\repository\com\google\code\gson\gson\2.3.1\gson-2.3.1.jar;C:\Users\rahul.kote\.m2\repository\org\seleniumhq\selenium\selenium-api\2.53.0\selenium-api-2.53.0.jar;C:\Users\rahul.kote\.m2\repository\org\apache\httpcomponents\httpclient\4.5.1\httpclient-4.5.1.jar;C:\Users\rahul.kote\.m2\repository\org\apache\httpcomponents\httpcore\4.4.3\httpcore-4.4.3.jar;C:\Users\rahul.kote\.m2\repository\commons-logging\commons-logging\1.2\commons-logging-1.2.jar;C:\Users\rahul.kote\.m2\repository\commons-codec\commons-codec\1.9\commons-codec-1.9.jar;C:\Users\rahul.kote\.m2\repository\com\google\guava\guava\19.0\guava-19.0.jar;C:\Users\rahul.kote\.m2\repository\org\seleniumhq\selenium\selenium-edge-driver\2.53.0\selenium-edge-driver-2.53.0.jar;C:\Users\rahul.kote\.m2\repository\commons-io\commons-io\2.4\commons-io-2.4.jar;C:\Users\rahul.kote\.m2\repository\org\apache\commons\commons-exec\1.3\commons-exec-1.3.jar;C:\Users\rahul.kote\.m2\repository\org\seleniumhq\selenium\selenium-firefox-driver\2.53.0\selenium-firefox-driver-2.53.0.jar;C:\Users\rahul.kote\.m2\repository\org\seleniumhq\selenium\selenium-ie-driver\2.53.0\selenium-ie-driver-2.53.0.jar;C:\Users\rahul.kote\.m2\repository\net\java\dev\jna\jna\4.1.0\jna-4.1.0.jar;C:\Users\rahul.kote\.m2\repository\net\java\dev\jna\jna-platform\4.1.0\jna-platform-4.1.0.jar;C:\Users\rahul.kote\.m2\repository\org\seleniumhq\selenium\selenium-safari-driver\2.53.0\selenium-safari-driver-2.53.0.jar;C:\Users\rahul.kote\.m2\repository\io\netty\netty\3.5.7.Final\netty-3.5.7.Final.jar;C:\Users\rahul.kote\.m2\repository\org\seleniumhq\selenium\selenium-support\2.53.0\selenium-support-2.53.0.jar;C:\Users\rahul.kote\.m2\repository\org\seleniumhq\selenium\selenium-leg-rc\2.53.0\selenium-leg-rc-2.53.0.jar;C:\Users\rahul.kote\.m2\repository\org\testng\testng\6.14.2\testng-6.14.2.jar;C:\Users\rahul.kote\.m2\repository\com\beust\jcommander\1.72\jcommander-1.72.jar;C:\Users\rahul.kote\.m2\repository\org\apache-extras\beanshell\bsh\2.0b6\bsh-2.0b6.jar;C:\Users\rahul.kote\.m2\repository\junit\junit\4.11\junit-4.11.jar;C:\Users\rahul.kote\.m2\repository\org\hamcrest\hamcrest-core\1.3\hamcrest-core-1.3.jar;C:\Users\rahul.kote\.m2\repository\com\relevantcodes\extentreports\2.41.2\extentreports-2.41.2.jar;C:\Users\rahul.kote\.m2\repository\org\jsoup\jsoup\1.8.3\jsoup-1.8.3.jar;C:\Users\rahul.kote\.m2\repository\org\xerial\sqlite-jdbc\3.8.11.1\sqlite-jdbc-3.8.11.1.jar;C:\Users\rahul.kote\.m2\repository\org\freemarker\freemarker\2.3.23\freemarker-2.3.23.jar;C:\Users\rahul.kote\.m2\repository\org\mongodb\mongodb-driver\3.0.4\mongodb-driver-3.0.4.jar;C:\Users\rahul.kote\.m2\repository\org\mongodb\bson\3.0.4\bson-3.0.4.jar;C:\Users\rahul.kote\.m2\repository\org\mongodb\mongodb-driver-core\3.0.4\mongodb-driver-core-3.0.4.jar;C:\Users\rahul.kote\.m2\repository\org\openrdf\sesame\sesame-rio-api\2.7.2\sesame-rio-api-2.7.2.jar;C:\Users\rahul.kote\.m2\repository\org\openrdf\sesame\sesame-model\2.7.2\sesame-model-2.7.2.jar;C:\Users\rahul.kote\.m2\repository\org\openrdf\sesame\sesame-util\2.7.2\sesame-util-2.7.2.jar;C:\Users\rahul.kote\.m2\repository\org\slf4j\slf4j-api\1.6.1\slf4j-api-1.6.1.jar;C:\Users\rahul.kote\.m2\repository\org\apache\maven\surefire\surefire-testng-utils\2.21.0\surefire-testng-utils-2.21.0.jar;C:\Users\rahul.kote\.m2\repository\org\apache\maven\surefire\surefire-grouper\2.21.0\surefire-grouper-2.21.0.jar;"/>
    <property name="java.vm.vendor" value="Oracle Corporation"/>
    <property name="sun.arch.data.model" value="64"/>
    <property name="user.variant" value=""/>
    <property name="java.vendor.url" value="http://java.oracle.com/"/>
    <property name="user.timezone" value=""/>
    <property name="java.vm.specification.version" value="9"/>
    <property name="os.name" value="Windows 8.1"/>
    <property name="sun.java.launcher" value="SUN_STANDARD"/>
    <property name="user.country" value="US"/>
    <property name="sun.boot.library.path" value="C:\Program Files\Java\jdk-9.0.4\bin"/>
    <property name="sun.java.command" value="C:\Users\RAHUL~1.KOT\AppData\Local\Temp\surefire3279870463048908848\surefirebooter17948217541404819316.jar C:\Users\rahul.kote\AppData\Local\Temp\surefire3279870463048908848 2018-07-10T14-53-09_412-jvmRun1 surefire1863856938227023291tmp surefire_06426401331175782434tmp"/>
    <property name="jdk.debug" value="release"/>
    <property name="surefire.test.class.path" value="C:\Rahul\Projects\Sample maven\CarwaleChecks\target\test-classes;C:\Rahul\Projects\Sample maven\CarwaleChecks\target\classes;C:\Users\rahul.kote\.m2\repository\org\seleniumhq\selenium\selenium-java\2.53.0\selenium-java-2.53.0.jar;C:\Users\rahul.kote\.m2\repository\org\seleniumhq\selenium\selenium-chrome-driver\2.53.0\selenium-chrome-driver-2.53.0.jar;C:\Users\rahul.kote\.m2\repository\org\seleniumhq\selenium\selenium-remote-driver\2.53.0\selenium-remote-driver-2.53.0.jar;C:\Users\rahul.kote\.m2\repository\cglib\cglib-nodep\2.1_3\cglib-nodep-2.1_3.jar;C:\Users\rahul.kote\.m2\repository\com\google\code\gson\gson\2.3.1\gson-2.3.1.jar;C:\Users\rahul.kote\.m2\repository\org\seleniumhq\selenium\selenium-api\2.53.0\selenium-api-2.53.0.jar;C:\Users\rahul.kote\.m2\repository\org\apache\httpcomponents\httpclient\4.5.1\httpclient-4.5.1.jar;C:\Users\rahul.kote\.m2\repository\org\apache\httpcomponents\httpcore\4.4.3\httpcore-4.4.3.jar;C:\Users\rahul.kote\.m2\repository\commons-logging\commons-logging\1.2\commons-logging-1.2.jar;C:\Users\rahul.kote\.m2\repository\commons-codec\commons-codec\1.9\commons-codec-1.9.jar;C:\Users\rahul.kote\.m2\repository\com\google\guava\guava\19.0\guava-19.0.jar;C:\Users\rahul.kote\.m2\repository\org\seleniumhq\selenium\selenium-edge-driver\2.53.0\selenium-edge-driver-2.53.0.jar;C:\Users\rahul.kote\.m2\repository\commons-io\commons-io\2.4\commons-io-2.4.jar;C:\Users\rahul.kote\.m2\repository\org\apache\commons\commons-exec\1.3\commons-exec-1.3.jar;C:\Users\rahul.kote\.m2\repository\org\seleniumhq\selenium\selenium-firefox-driver\2.53.0\selenium-firefox-driver-2.53.0.jar;C:\Users\rahul.kote\.m2\repository\org\seleniumhq\selenium\selenium-ie-driver\2.53.0\selenium-ie-driver-2.53.0.jar;C:\Users\rahul.kote\.m2\repository\net\java\dev\jna\jna\4.1.0\jna-4.1.0.jar;C:\Users\rahul.kote\.m2\repository\net\java\dev\jna\jna-platform\4.1.0\jna-platform-4.1.0.jar;C:\Users\rahul.kote\.m2\repository\org\seleniumhq\selenium\selenium-safari-driver\2.53.0\selenium-safari-driver-2.53.0.jar;C:\Users\rahul.kote\.m2\repository\io\netty\netty\3.5.7.Final\netty-3.5.7.Final.jar;C:\Users\rahul.kote\.m2\repository\org\seleniumhq\selenium\selenium-support\2.53.0\selenium-support-2.53.0.jar;C:\Users\rahul.kote\.m2\repository\org\seleniumhq\selenium\selenium-leg-rc\2.53.0\selenium-leg-rc-2.53.0.jar;C:\Users\rahul.kote\.m2\repository\org\testng\testng\6.14.2\testng-6.14.2.jar;C:\Users\rahul.kote\.m2\repository\com\beust\jcommander\1.72\jcommander-1.72.jar;C:\Users\rahul.kote\.m2\repository\org\apache-extras\beanshell\bsh\2.0b6\bsh-2.0b6.jar;C:\Users\rahul.kote\.m2\repository\junit\junit\4.11\junit-4.11.jar;C:\Users\rahul.kote\.m2\repository\org\hamcrest\hamcrest-core\1.3\hamcrest-core-1.3.jar;C:\Users\rahul.kote\.m2\repository\com\relevantcodes\extentreports\2.41.2\extentreports-2.41.2.jar;C:\Users\rahul.kote\.m2\repository\org\jsoup\jsoup\1.8.3\jsoup-1.8.3.jar;C:\Users\rahul.kote\.m2\repository\org\xerial\sqlite-jdbc\3.8.11.1\sqlite-jdbc-3.8.11.1.jar;C:\Users\rahul.kote\.m2\repository\org\freemarker\freemarker\2.3.23\freemarker-2.3.23.jar;C:\Users\rahul.kote\.m2\repository\org\mongodb\mongodb-driver\3.0.4\mongodb-driver-3.0.4.jar;C:\Users\rahul.kote\.m2\repository\org\mongodb\bson\3.0.4\bson-3.0.4.jar;C:\Users\rahul.kote\.m2\repository\org\mongodb\mongodb-driver-core\3.0.4\mongodb-driver-core-3.0.4.jar;C:\Users\rahul.kote\.m2\repository\org\openrdf\sesame\sesame-rio-api\2.7.2\sesame-rio-api-2.7.2.jar;C:\Users\rahul.kote\.m2\repository\org\openrdf\sesame\sesame-model\2.7.2\sesame-model-2.7.2.jar;C:\Users\rahul.kote\.m2\repository\org\openrdf\sesame\sesame-util\2.7.2\sesame-util-2.7.2.jar;C:\Users\rahul.kote\.m2\repository\org\slf4j\slf4j-api\1.6.1\slf4j-api-1.6.1.jar;C:\Users\rahul.kote\.m2\repository\org\apache\maven\surefire\surefire-testng-utils\2.21.0\surefire-testng-utils-2.21.0.jar;C:\Users\rahul.kote\.m2\repository\org\apache\maven\surefire\surefire-grouper\2.21.0\surefire-grouper-2.21.0.jar;"/>
    <property name="sun.cpu.endian" value="little"/>
    <property name="user.home" value="C:\Users\rahul.kote"/>
    <property name="user.language" value="en"/>
    <property name="java.specification.vendor" value="Oracle Corporation"/>
    <property name="java.home" value="C:\Program Files\Java\jdk-9.0.4"/>
    <property name="file.separator" value="\"/>
    <property name="basedir" value="C:\Rahul\Projects\Sample maven\CarwaleChecks"/>
    <property name="java.vm.compressedOopsMode" value="32-bit"/>
    <property name="line.separator" value="&#10;"/>
    <property name="java.vm.specification.vendor" value="Oracle Corporation"/>
    <property name="java.specification.name" value="Java Platform API Specification"/>
    <property name="java.awt.graphicsenv" value="sun.awt.Win32GraphicsEnvironment"/>
    <property name="surefire.real.class.path" value="C:\Users\RAHUL~1.KOT\AppData\Local\Temp\surefire3279870463048908848\surefirebooter17948217541404819316.jar"/>
    <property name="user.script" value=""/>
    <property name="sun.management.compiler" value="HotSpot 64-Bit Tiered Compilers"/>
    <property name="java.runtime.version" value="9.0.4+11"/>
    <property name="user.name" value="rahul.kote"/>
    <property name="path.separator" value=";"/>
    <property name="os.version" value="6.3"/>
    <property name="java.runtime.name" value="Java(TM) SE Runtime Environment"/>
    <property name="file.encoding" value="Cp1252"/>
    <property name="java.vm.name" value="Java HotSpot(TM) 64-Bit Server VM"/>
    <property name="localRepository" value="C:\Users\rahul.kote\.m2\repository"/>
    <property name="java.vendor.url.bug" value="http://bugreport.java.com/bugreport/"/>
    <property name="java.io.tmpdir" value="C:\Users\RAHUL~1.KOT\AppData\Local\Temp\"/>
    <property name="java.version" value="9.0.4"/>
    <property name="user.dir" value="C:\Rahul\Projects\Sample maven\CarwaleChecks"/>
    <property name="os.arch" value="amd64"/>
    <property name="java.vm.specification.name" value="Java Virtual Machine Specification"/>
    <property name="java.awt.printerjob" value="sun.awt.windows.WPrinterJob"/>
    <property name="sun.os.patch.level" value=""/>
    <property name="java.library.path" value="C:\Program Files\Java\jdk-9.0.4\bin;C:\windows\Sun\Java\bin;C:\windows\system32;C:\windows;C:/Program Files/Java/jre1.8.0_131/bin/server;C:/Program Files/Java/jre1.8.0_131/bin;C:/Program Files/Java/jre1.8.0_131/lib/amd64;C:\Program Files (x86)\Google\Chrome\Application;C:\ProgramData\Oracle\Java\javapath;C:\windows\system32;C:\windows;C:\windows\System32\Wbem;C:\windows\System32\WindowsPowerShell\v1.0\;c:\Program Files (x86)\Microsoft SQL Server\110\Tools\Binn\ManagementStudio\;c:\Program Files (x86)\Microsoft SQL Server\110\Tools\Binn\;c:\Program Files (x86)\Microsoft SQL Server\110\DTS\Binn\;C:\Program Files\Microsoft SQL Server\110\Tools\Binn\;C:\Users\rahul.kote\AppData\Roaming\npm\node_modules\chakram;C:\Program Files\nodejs;C:\Users\rahul.kote\AppData\Roaming\npm;C:\adb;C:\Python27;C:\Python27\Scripts;C:\Ruby25-x64\bin;\\avserver\libraryproject\Testing\drivers;C:\Program Files\Git\cmd;C:\Users\rahul.kote\AppData\Roaming\npm;C:\Ruby25-x64\bin;\\avserver\libraryproject\Testing\driverss;;C:\Users\rahul.kote\eclipse\jee-oxygen\eclipse;;."/>
    <property name="java.vm.info" value="mixed mode"/>
    <property name="java.vendor" value="Oracle Corporation"/>
    <property name="java.vm.version" value="9.0.4+11"/>
    <property name="sun.io.unicode.encoding" value="UnicodeLittle"/>
    <property name="java.class.version" value="53.0"/>
  </properties>
  <testcase name="searchCarOnPage" classname="tests.TestHomePage" time="4.678">
    <failure message="expected [2] but found [1]" type="java.lang.AssertionError">java.lang.AssertionError: expected [2] but found [1]
	at tests.TestHomePage.searchCarOnPage(TestHomePage.java:47)
</failure>
    <system-out><![CDATA[[TestNGContentHandler] [WARN] It is strongly recommended to add "<!DOCTYPE suite SYSTEM "http://testng.org/testng-1.0.dtd" >" at the top of your file, otherwise TestNG may fail or not work as expected.
In before method driver valueChromeDriver: chrome on WIN8_1 (6fbc2cc6254d6c3b3802e5a9770369b5)
I am in onTestStart method searchCarOnPage start
before search car driver valueChromeDriver: chrome on WIN8_1 (6fbc2cc6254d6c3b3802e5a9770369b5)
after search car
Logger is com.relevantcodes.extentreports.ExtentTest@6ea1bcdc
***** Error searchCarOnPage test has failed *****
C:\Rahul\Projects\Sample maven\CarwaleChecks\ErrorScreenshot
***Placed screen shot in C:\Rahul\Projects\Sample maven\CarwaleChecks\ErrorScreenshot ***
]]></system-out>
    <system-err><![CDATA[Starting ChromeDriver 2.35.528161 (5b82f2d2aae0ca24b877009200ced9065a772e73) on port 10473
Only local connections are allowed.
]]></system-err>
  </testcase>
  <testcase name="sumFun" classname="tests.TestHomePage" time="0"/>
</testsuite>