<?xml version="1.0" encoding="UTF-8"?>
<testng-results skipped="0" failed="1" total="2" passed="1">
  <reporter-output>
  </reporter-output>
  <suite name="Carwale" duration-ms="5198" started-at="2018-02-22T11:12:34Z" finished-at="2018-02-22T11:12:39Z">
    <groups>
    </groups>
    <test name="Regression suite 1" duration-ms="5198" started-at="2018-02-22T11:12:34Z" finished-at="2018-02-22T11:12:39Z">
      <class name="tests.TestHomePage">
        <test-method status="PASS" signature="setUpClass()[pri:0, instance:tests.TestHomePage@8bd1b6a]" name="setUpClass" is-config="true" duration-ms="16423" started-at="2018-02-22T16:42:17Z" finished-at="2018-02-22T16:42:34Z">
          <reporter-output>
          </reporter-output>
        </test-method> <!-- setUpClass -->
        <test-method status="PASS" signature="setup_method()[pri:0, instance:tests.TestHomePage@8bd1b6a]" name="setup_method" is-config="true" duration-ms="51" started-at="2018-02-22T16:42:34Z" finished-at="2018-02-22T16:42:34Z">
          <reporter-output>
          </reporter-output>
        </test-method> <!-- setup_method -->
        <test-method status="FAIL" signature="searchCarOnPage()[pri:0, instance:tests.TestHomePage@8bd1b6a]" name="searchCarOnPage" duration-ms="3987" started-at="2018-02-22T16:42:34Z" finished-at="2018-02-22T16:42:38Z">
          <exception class="java.lang.AssertionError">
            <message>
              <![CDATA[expected:<1> but was:<2>]]>
            </message>
            <full-stacktrace>
              <![CDATA[java.lang.AssertionError: expected:<1> but was:<2>
	at org.junit.Assert.fail(Assert.java:88)
	at org.junit.Assert.failNotEquals(Assert.java:834)
	at org.junit.Assert.assertEquals(Assert.java:645)
	at org.junit.Assert.assertEquals(Assert.java:631)
	at tests.TestHomePage.searchCarOnPage(TestHomePage.java:53)
	at sun.reflect.NativeMethodAccessorImpl.invoke0(Native Method)
	at sun.reflect.NativeMethodAccessorImpl.invoke(Unknown Source)
	at sun.reflect.DelegatingMethodAccessorImpl.invoke(Unknown Source)
	at java.lang.reflect.Method.invoke(Unknown Source)
	at org.testng.internal.MethodInvocationHelper.invokeMethod(MethodInvocationHelper.java:85)
	at org.testng.internal.Invoker.invokeMethod(Invoker.java:639)
	at org.testng.internal.Invoker.invokeTestMethod(Invoker.java:816)
	at org.testng.internal.Invoker.invokeTestMethods(Invoker.java:1124)
	at org.testng.internal.TestMethodWorker.invokeTestMethods(TestMethodWorker.java:125)
	at org.testng.internal.TestMethodWorker.run(TestMethodWorker.java:108)
	at org.testng.TestRunner.privateRun(TestRunner.java:774)
	at org.testng.TestRunner.run(TestRunner.java:624)
	at org.testng.SuiteRunner.runTest(SuiteRunner.java:359)
	at org.testng.SuiteRunner.runSequentially(SuiteRunner.java:354)
	at org.testng.SuiteRunner.privateRun(SuiteRunner.java:312)
	at org.testng.SuiteRunner.run(SuiteRunner.java:261)
	at org.testng.SuiteRunnerWorker.runSuite(SuiteRunnerWorker.java:52)
	at org.testng.SuiteRunnerWorker.run(SuiteRunnerWorker.java:86)
	at org.testng.TestNG.runSuitesSequentially(TestNG.java:1215)
	at org.testng.TestNG.runSuitesLocally(TestNG.java:1140)
	at org.testng.TestNG.run(TestNG.java:1048)
	at org.testng.remote.AbstractRemoteTestNG.run(AbstractRemoteTestNG.java:114)
	at org.testng.remote.RemoteTestNG.initAndRun(RemoteTestNG.java:251)
	at org.testng.remote.RemoteTestNG.main(RemoteTestNG.java:77)
]]>
            </full-stacktrace>
          </exception> <!-- java.lang.AssertionError -->
          <reporter-output>
          </reporter-output>
        </test-method> <!-- searchCarOnPage -->
        <test-method status="PASS" signature="tearDown_method()[pri:0, instance:tests.TestHomePage@8bd1b6a]" name="tearDown_method" is-config="true" duration-ms="0" started-at="2018-02-22T16:42:39Z" finished-at="2018-02-22T16:42:39Z">
          <reporter-output>
          </reporter-output>
        </test-method> <!-- tearDown_method -->
        <test-method status="PASS" signature="setup_method()[pri:0, instance:tests.TestHomePage@8bd1b6a]" name="setup_method" is-config="true" duration-ms="0" started-at="2018-02-22T16:42:39Z" finished-at="2018-02-22T16:42:39Z">
          <reporter-output>
          </reporter-output>
        </test-method> <!-- setup_method -->
        <test-method status="PASS" signature="sumFun()[pri:0, instance:tests.TestHomePage@8bd1b6a]" name="sumFun" duration-ms="1" started-at="2018-02-22T16:42:39Z" finished-at="2018-02-22T16:42:39Z">
          <reporter-output>
          </reporter-output>
        </test-method> <!-- sumFun -->
        <test-method status="PASS" signature="tearDown_method()[pri:0, instance:tests.TestHomePage@8bd1b6a]" name="tearDown_method" is-config="true" duration-ms="0" started-at="2018-02-22T16:42:39Z" finished-at="2018-02-22T16:42:39Z">
          <reporter-output>
          </reporter-output>
        </test-method> <!-- tearDown_method -->
        <test-method status="PASS" signature="tearDownClass()[pri:0, instance:tests.TestHomePage@8bd1b6a]" name="tearDownClass" is-config="true" duration-ms="1178" started-at="2018-02-22T16:42:39Z" finished-at="2018-02-22T16:42:41Z">
          <reporter-output>
          </reporter-output>
        </test-method> <!-- tearDownClass -->
      </class> <!-- tests.TestHomePage -->
    </test> <!-- Regression suite 1 -->
  </suite> <!-- Carwale -->
</testng-results>
