<?xml version="1.0" encoding="UTF-8"?>
<!-- Generated by org.testng.reporters.JUnitXMLReporter -->
<testsuite ignored="0" hostname="user748" failures="1" tests="2" name="Regression suite 1" time="5.18" errors="0" timestamp="10 Jul 2018 09:23:53 GMT">
  <testcase classname="tests.TestHomePage" name="searchCarOnPage" time="4.629">
    <failure type="java.lang.AssertionError" message="expected [2] but found [1]">
      <![CDATA[java.lang.AssertionError: expected [2] but found [1]
at tests.TestHomePage.searchCarOnPage(TestHomePage.java:47)
... Removed 35 stack frames]]>
    </failure>
  </testcase> <!-- searchCarOnPage -->
  <testcase classname="tests.TestHomePage" name="sumFun" time="0.001"/>
</testsuite> <!-- Regression suite 1 -->
