<?xml version="1.0" encoding="UTF-8"?>
<!-- Generated by org.testng.reporters.JUnitXMLReporter -->
<testsuite hostname="user748" name="Regression suite 1" tests="2" failures="1" timestamp="22 Feb 2018 11:12:39 GMT" time="5.198" errors="0">
  <testcase name="searchCarOnPage" time="3.987" classname="tests.TestHomePage">
    <failure type="java.lang.AssertionError" message="expected:&amp;lt;1&amp;gt; but was:&amp;lt;2&amp;gt;">
      <![CDATA[java.lang.AssertionError: expected:<1> but was:<2>
	at org.junit.Assert.fail(Assert.java:88)
	at org.junit.Assert.failNotEquals(Assert.java:834)
	at org.junit.Assert.assertEquals(Assert.java:645)
	at org.junit.Assert.assertEquals(Assert.java:631)
	at tests.TestHomePage.searchCarOnPage(TestHomePage.java:53)
... Removed 24 stack frames]]>
    </failure>
  </testcase> <!-- searchCarOnPage -->
  <testcase name="sumFun" time="0.001" classname="tests.TestHomePage"/>
</testsuite> <!-- Regression suite 1 -->
